Arguments: 
  /usr/local/bin/node /usr/share/yarn/bin/yarn.js start

PATH: 
  /usr/local/sbin:/usr/local/bin:/usr/sbin:/usr/bin:/sbin:/bin:/snap/bin

Yarn version: 
  1.15.2

Node version: 
  10.15.3

Platform: 
  linux x64

Trace: 
  SyntaxError: /home/coffee/Documents/Listing-of-details/packages/app/package.json: Unexpected token } in JSON at position 578
      at JSON.parse (<anonymous>)
      at /usr/share/yarn/lib/cli.js:1625:59
      at Generator.next (<anonymous>)
      at step (/usr/share/yarn/lib/cli.js:304:30)
      at /usr/share/yarn/lib/cli.js:315:13

npm manifest: 
  {
    "name": "@expo/app",
    "private": true,
    "main": "node_modules/expo/AppEntry.js",
    "scripts": {
      "start": "expo start",
      "android": "expo start --android",
      "ios": "expo start --ios",
      "eject": "expo eject"
    },
    "dependencies": {
      "expo": "^32.0.0",
      "react": "16.5.0",
      "react-native": "https://github.com/expo/react-native/archive/sdk-32.0.0.tar.gz"
    },
    "devDependencies": {
      "@types/expo": "^32.0.13",
      "@types/react": "^16.8.16",
      "@types/react-native": "^0.57.51",
      "babel-preset-expo": "^5.0.0",
      "typescript": "^3.4.5"
    },
  }

yarn manifest: 
  No manifest

Lockfile: 
  No lockfile
